03/25/2018 04:55:37 PM, INFO, Program has started.
03/25/2018 04:55:38 PM, INFO, create table known_stocks(SYMBOL text,SHARES integer);
03/25/2018 04:55:38 PM, ERROR, Unsuccessful SQL command execution: create table known_stocks(SYMBOL text,SHARES integer);
03/25/2018 05:00:59 PM, INFO, Program has started.
03/25/2018 05:00:59 PM, INFO, create table known_stocks(SYMBOL text,SHARES integer);
03/25/2018 05:00:59 PM, ERROR, Unsuccessful SQL command execution: create table known_stocks(SYMBOL text,SHARES integer);
03/25/2018 05:05:35 PM, INFO, Program has started.
03/25/2018 05:05:35 PM, INFO, create table known_stocks(SYMBOL text,SHARES integer);
03/25/2018 05:05:35 PM, ERROR, Unsuccessful SQL command execution: create table known_stocks(SYMBOL text,SHARES integer);
03/25/2018 05:05:35 PM, INFO, select * from known_stocks
03/25/2018 05:05:36 PM, INFO, Successful SQL command execution: select * from known_stocks
03/25/2018 05:05:54 PM, DEBUG, Starting new HTTPS connection (1): finance.yahoo.com
03/25/2018 05:05:55 PM, DEBUG, https://finance.yahoo.com:443 "GET /quote/GOOG/profile?p=GOOG HTTP/1.1" 200 None
03/25/2018 05:05:55 PM, INFO, select * from GOOG
03/25/2018 05:05:55 PM, INFO, Successful SQL command execution: select * from GOOG
03/25/2018 05:08:02 PM, INFO, Program has started.
03/25/2018 05:08:02 PM, INFO, create table known_stocks(SYMBOL text,SHARES integer);
03/25/2018 05:08:02 PM, ERROR, Unsuccessful SQL command execution: create table known_stocks(SYMBOL text,SHARES integer);
03/25/2018 05:08:02 PM, INFO, select * from known_stocks
03/25/2018 05:08:02 PM, INFO, Successful SQL command execution: select * from known_stocks
03/25/2018 05:08:07 PM, DEBUG, Starting new HTTPS connection (1): finance.yahoo.com
03/25/2018 05:08:07 PM, DEBUG, https://finance.yahoo.com:443 "GET /quote/GOOG/profile?p=GOOG HTTP/1.1" 200 None
03/25/2018 05:08:07 PM, INFO, select * from GOOG
03/25/2018 05:08:07 PM, INFO, Successful SQL command execution: select * from GOOG
03/25/2018 05:13:12 PM, INFO, Program has started.
03/25/2018 05:13:12 PM, INFO, create table known_stocks(SYMBOL text,SHARES integer);
03/25/2018 05:13:12 PM, ERROR, Unsuccessful SQL command execution: create table known_stocks(SYMBOL text,SHARES integer);
03/25/2018 05:13:12 PM, INFO, select * from known_stocks
03/25/2018 05:13:12 PM, INFO, Successful SQL command execution: select * from known_stocks
03/25/2018 05:13:15 PM, DEBUG, Starting new HTTPS connection (1): finance.yahoo.com
03/25/2018 05:13:15 PM, DEBUG, https://finance.yahoo.com:443 "GET /quote/GOOG/profile?p=GOOG HTTP/1.1" 200 None
03/25/2018 05:13:16 PM, INFO, select * from GOOG
03/25/2018 05:13:16 PM, INFO, Successful SQL command execution: select * from GOOG
03/25/2018 05:15:27 PM, INFO, Program has started.
03/25/2018 05:15:27 PM, INFO, create table known_stocks(SYMBOL text,SHARES integer);
03/25/2018 05:15:27 PM, ERROR, Unsuccessful SQL command execution: create table known_stocks(SYMBOL text,SHARES integer);
03/25/2018 05:15:27 PM, INFO, select * from known_stocks
03/25/2018 05:15:27 PM, INFO, Successful SQL command execution: select * from known_stocks
03/25/2018 05:15:31 PM, DEBUG, Starting new HTTPS connection (1): finance.yahoo.com
03/25/2018 05:15:32 PM, DEBUG, https://finance.yahoo.com:443 "GET /quote/GOOG/profile?p=GOOG HTTP/1.1" 200 None
03/25/2018 05:15:32 PM, INFO, select * from GOOG
03/25/2018 05:15:32 PM, INFO, Successful SQL command execution: select * from GOOG
03/25/2018 05:19:55 PM, INFO, Program has started.
03/25/2018 05:19:55 PM, INFO, create table known_stocks(SYMBOL text,SHARES integer);
03/25/2018 05:19:55 PM, ERROR, Unsuccessful SQL command execution: create table known_stocks(SYMBOL text,SHARES integer);
03/25/2018 05:24:03 PM, INFO, Program has started.
03/25/2018 05:24:03 PM, INFO, create table known_stocks(SYMBOL text,SHARES integer);
03/25/2018 05:24:03 PM, ERROR, Unsuccessful SQL command execution: create table known_stocks(SYMBOL text,SHARES integer);
03/25/2018 05:24:04 PM, INFO, select * from known_stocks
03/25/2018 05:24:04 PM, INFO, Successful SQL command execution: select * from known_stocks
03/25/2018 05:24:08 PM, DEBUG, Starting new HTTPS connection (1): finance.yahoo.com
03/25/2018 05:24:09 PM, DEBUG, https://finance.yahoo.com:443 "GET /quote/GOOG/profile?p=GOOG HTTP/1.1" 200 None
03/25/2018 05:24:09 PM, INFO, select * from GOOG
03/25/2018 05:24:09 PM, INFO, Successful SQL command execution: select * from GOOG
03/25/2018 05:25:48 PM, INFO, Program has started.
03/25/2018 05:25:48 PM, INFO, create table known_stocks(SYMBOL text,SHARES integer);
03/25/2018 05:25:48 PM, ERROR, Unsuccessful SQL command execution: create table known_stocks(SYMBOL text,SHARES integer);
03/25/2018 05:25:48 PM, INFO, select * from known_stocks
03/25/2018 05:25:48 PM, INFO, Successful SQL command execution: select * from known_stocks
03/25/2018 05:25:51 PM, DEBUG, Starting new HTTPS connection (1): finance.yahoo.com
03/25/2018 05:25:51 PM, DEBUG, https://finance.yahoo.com:443 "GET /quote/GOOG/profile?p=GOOG HTTP/1.1" 200 None
03/25/2018 05:25:51 PM, INFO, select * from GOOG
03/25/2018 05:25:51 PM, INFO, Successful SQL command execution: select * from GOOG
03/25/2018 05:26:20 PM, INFO, Program has started.
03/25/2018 05:26:20 PM, INFO, create table known_stocks(SYMBOL text,SHARES integer);
03/25/2018 05:26:20 PM, ERROR, Unsuccessful SQL command execution: create table known_stocks(SYMBOL text,SHARES integer);
03/25/2018 05:26:20 PM, INFO, select * from known_stocks
03/25/2018 05:26:20 PM, INFO, Successful SQL command execution: select * from known_stocks
03/25/2018 05:26:24 PM, DEBUG, Starting new HTTPS connection (1): finance.yahoo.com
03/25/2018 05:26:25 PM, DEBUG, https://finance.yahoo.com:443 "GET /quote/GOOG/profile?p=GOOG HTTP/1.1" 200 None
03/25/2018 05:26:25 PM, INFO, select * from GOOG
03/25/2018 05:26:25 PM, INFO, Successful SQL command execution: select * from GOOG
03/25/2018 05:53:34 PM, INFO, Program has started.
03/25/2018 05:53:34 PM, INFO, create table known_stocks(SYMBOL text,SHARES integer);
03/25/2018 05:53:34 PM, ERROR, Unsuccessful SQL command execution: create table known_stocks(SYMBOL text,SHARES integer);
03/25/2018 05:53:35 PM, INFO, select * from known_stocks
03/25/2018 05:53:35 PM, INFO, Successful SQL command execution: select * from known_stocks
03/25/2018 05:53:38 PM, DEBUG, Starting new HTTPS connection (1): finance.yahoo.com
03/25/2018 05:53:39 PM, DEBUG, https://finance.yahoo.com:443 "GET /quote/GOOG/profile?p=GOOG HTTP/1.1" 200 None
03/25/2018 05:53:39 PM, INFO, select * from GOOG
03/25/2018 05:53:39 PM, INFO, Successful SQL command execution: select * from GOOG
03/25/2018 05:53:39 PM, DEBUG, Starting new HTTPS connection (1): finance.yahoo.com
03/25/2018 05:53:40 PM, DEBUG, https://finance.yahoo.com:443 "GET /quote/GOOG/profile?p=GOOG HTTP/1.1" 200 None
03/25/2018 05:53:40 PM, INFO, select * from GOOG
03/25/2018 05:53:40 PM, INFO, Successful SQL command execution: select * from GOOG
03/25/2018 05:57:14 PM, INFO, Program has started.
03/25/2018 05:57:14 PM, INFO, create table known_stocks(SYMBOL text,SHARES integer);
03/25/2018 05:57:14 PM, ERROR, Unsuccessful SQL command execution: create table known_stocks(SYMBOL text,SHARES integer);
03/25/2018 05:57:14 PM, INFO, select * from known_stocks
03/25/2018 05:57:14 PM, INFO, Successful SQL command execution: select * from known_stocks
03/25/2018 05:57:17 PM, DEBUG, Starting new HTTPS connection (1): finance.yahoo.com
03/25/2018 05:57:17 PM, DEBUG, https://finance.yahoo.com:443 "GET /quote/GOOG/profile?p=GOOG HTTP/1.1" 200 None
03/25/2018 05:57:17 PM, INFO, select * from GOOG
03/25/2018 05:57:17 PM, INFO, Successful SQL command execution: select * from GOOG
03/25/2018 05:57:17 PM, DEBUG, Starting new HTTPS connection (1): finance.yahoo.com
03/25/2018 05:57:18 PM, DEBUG, https://finance.yahoo.com:443 "GET /quote/GOOG/profile?p=GOOG HTTP/1.1" 200 None
03/25/2018 05:57:18 PM, INFO, select * from GOOG
03/25/2018 05:57:18 PM, INFO, Successful SQL command execution: select * from GOOG
03/25/2018 06:03:20 PM, INFO, Program has started.
03/25/2018 06:03:20 PM, INFO, create table known_stocks(SYMBOL text,SHARES integer);
03/25/2018 06:03:20 PM, ERROR, Unsuccessful SQL command execution: create table known_stocks(SYMBOL text,SHARES integer);
03/25/2018 06:03:20 PM, INFO, select * from known_stocks
03/25/2018 06:03:20 PM, INFO, Successful SQL command execution: select * from known_stocks
03/25/2018 06:03:23 PM, DEBUG, Starting new HTTPS connection (1): finance.yahoo.com
03/25/2018 06:03:23 PM, DEBUG, https://finance.yahoo.com:443 "GET /quote/GOOG/profile?p=GOOG HTTP/1.1" 200 None
03/25/2018 06:03:23 PM, INFO, select * from GOOG
03/25/2018 06:03:23 PM, INFO, Successful SQL command execution: select * from GOOG
03/25/2018 06:03:23 PM, DEBUG, Starting new HTTPS connection (1): finance.yahoo.com
03/25/2018 06:03:24 PM, DEBUG, https://finance.yahoo.com:443 "GET /quote/GOOG/profile?p=GOOG HTTP/1.1" 200 None
03/25/2018 06:03:24 PM, INFO, select * from GOOG
03/25/2018 06:03:24 PM, INFO, Successful SQL command execution: select * from GOOG
03/25/2018 06:04:32 PM, INFO, Program has started.
03/25/2018 06:04:32 PM, INFO, create table known_stocks(SYMBOL text,SHARES integer);
03/25/2018 06:04:32 PM, ERROR, Unsuccessful SQL command execution: create table known_stocks(SYMBOL text,SHARES integer);
03/25/2018 06:04:32 PM, INFO, select * from known_stocks
03/25/2018 06:04:32 PM, INFO, Successful SQL command execution: select * from known_stocks
03/25/2018 06:04:35 PM, DEBUG, Starting new HTTPS connection (1): finance.yahoo.com
03/25/2018 06:04:35 PM, DEBUG, https://finance.yahoo.com:443 "GET /quote/GOOG/profile?p=GOOG HTTP/1.1" 200 None
03/25/2018 06:04:36 PM, INFO, select * from GOOG
03/25/2018 06:04:36 PM, INFO, Successful SQL command execution: select * from GOOG
03/25/2018 06:05:10 PM, INFO, Program has started.
03/25/2018 06:05:10 PM, INFO, create table known_stocks(SYMBOL text,SHARES integer);
03/25/2018 06:05:10 PM, ERROR, Unsuccessful SQL command execution: create table known_stocks(SYMBOL text,SHARES integer);
03/25/2018 06:05:10 PM, INFO, select * from known_stocks
03/25/2018 06:05:10 PM, INFO, Successful SQL command execution: select * from known_stocks
03/25/2018 06:05:14 PM, DEBUG, Starting new HTTPS connection (1): finance.yahoo.com
03/25/2018 06:05:14 PM, DEBUG, https://finance.yahoo.com:443 "GET /quote/GOOG/profile?p=GOOG HTTP/1.1" 200 None
03/25/2018 06:05:14 PM, INFO, select * from GOOG
03/25/2018 06:05:14 PM, INFO, Successful SQL command execution: select * from GOOG
03/25/2018 06:07:49 PM, INFO, Program has started.
03/25/2018 06:07:49 PM, INFO, create table known_stocks(SYMBOL text,SHARES integer);
03/25/2018 06:07:49 PM, ERROR, Unsuccessful SQL command execution: create table known_stocks(SYMBOL text,SHARES integer);
03/25/2018 06:07:49 PM, INFO, select * from known_stocks
03/25/2018 06:07:49 PM, INFO, Successful SQL command execution: select * from known_stocks
03/25/2018 06:07:53 PM, DEBUG, Starting new HTTPS connection (1): finance.yahoo.com
03/25/2018 06:07:54 PM, DEBUG, https://finance.yahoo.com:443 "GET /quote/GOOG/profile?p=GOOG HTTP/1.1" 200 None
03/25/2018 06:07:54 PM, INFO, select * from GOOG
03/25/2018 06:07:54 PM, INFO, Successful SQL command execution: select * from GOOG
03/25/2018 06:07:54 PM, DEBUG, Starting new HTTPS connection (1): finance.yahoo.com
03/25/2018 06:07:55 PM, DEBUG, https://finance.yahoo.com:443 "GET /quote/GOOG/profile?p=GOOG HTTP/1.1" 200 None
03/25/2018 06:07:55 PM, INFO, select * from GOOG
03/25/2018 06:07:55 PM, INFO, Successful SQL command execution: select * from GOOG
03/25/2018 06:09:33 PM, INFO, Program has started.
03/25/2018 06:09:33 PM, INFO, create table known_stocks(SYMBOL text,SHARES integer);
03/25/2018 06:09:33 PM, ERROR, Unsuccessful SQL command execution: create table known_stocks(SYMBOL text,SHARES integer);
03/25/2018 06:09:33 PM, INFO, select * from known_stocks
03/25/2018 06:09:33 PM, INFO, Successful SQL command execution: select * from known_stocks
03/25/2018 06:09:36 PM, DEBUG, Starting new HTTPS connection (1): finance.yahoo.com
03/25/2018 06:09:37 PM, DEBUG, https://finance.yahoo.com:443 "GET /quote/GOOG/profile?p=GOOG HTTP/1.1" 200 None
03/25/2018 06:09:37 PM, INFO, select * from GOOG
03/25/2018 06:09:37 PM, INFO, Successful SQL command execution: select * from GOOG
03/25/2018 06:23:55 PM, INFO, Program has started.
03/25/2018 06:23:55 PM, INFO, create table known_stocks(SYMBOL text,SHARES integer);
03/25/2018 06:23:55 PM, ERROR, Unsuccessful SQL command execution: create table known_stocks(SYMBOL text,SHARES integer);
03/25/2018 06:23:55 PM, INFO, select * from known_stocks
03/25/2018 06:23:55 PM, INFO, Successful SQL command execution: select * from known_stocks
03/25/2018 06:32:51 PM, INFO, Program has started.
03/25/2018 06:32:51 PM, INFO, create table known_stocks(SYMBOL text,SHARES integer);
03/25/2018 06:32:51 PM, ERROR, Unsuccessful SQL command execution: create table known_stocks(SYMBOL text,SHARES integer);
03/25/2018 06:32:51 PM, INFO, select * from known_stocks
03/25/2018 06:32:51 PM, INFO, Successful SQL command execution: select * from known_stocks
03/25/2018 06:33:13 PM, DEBUG, Starting new HTTPS connection (1): finance.yahoo.com
03/25/2018 06:33:14 PM, DEBUG, https://finance.yahoo.com:443 "GET /quote/GOOG/profile?p=GOOG HTTP/1.1" 200 None
03/25/2018 06:33:14 PM, INFO, select * from GOOG
03/25/2018 06:33:14 PM, INFO, Successful SQL command execution: select * from GOOG
03/25/2018 06:40:12 PM, INFO, Program has started.
03/25/2018 06:40:12 PM, INFO, create table known_stocks(SYMBOL text,SHARES integer);
03/25/2018 06:40:12 PM, ERROR, Unsuccessful SQL command execution: create table known_stocks(SYMBOL text,SHARES integer);
03/25/2018 06:40:12 PM, INFO, select * from known_stocks
03/25/2018 06:40:12 PM, INFO, Successful SQL command execution: select * from known_stocks
03/25/2018 06:40:17 PM, DEBUG, Starting new HTTPS connection (1): finance.yahoo.com
03/25/2018 06:40:18 PM, DEBUG, https://finance.yahoo.com:443 "GET /quote/GOOG/profile?p=GOOG HTTP/1.1" 200 None
03/25/2018 06:40:18 PM, INFO, select * from GOOG
03/25/2018 06:40:18 PM, INFO, Successful SQL command execution: select * from GOOG
03/25/2018 06:40:28 PM, DEBUG, Starting new HTTPS connection (1): finance.yahoo.com
03/25/2018 06:40:29 PM, DEBUG, https://finance.yahoo.com:443 "GET /quote/TSLA/profile?p=TSLA HTTP/1.1" 200 None
03/25/2018 06:40:29 PM, INFO, select * from TSLA
03/25/2018 06:40:29 PM, INFO, Successful SQL command execution: select * from TSLA
03/25/2018 06:40:42 PM, DEBUG, Starting new HTTPS connection (1): finance.yahoo.com
03/25/2018 06:40:43 PM, DEBUG, https://finance.yahoo.com:443 "GET /quote/MSFT/profile?p=MSFT HTTP/1.1" 200 None
03/25/2018 06:40:43 PM, INFO, select * from MSFT
03/25/2018 06:40:43 PM, INFO, Successful SQL command execution: select * from MSFT
03/25/2018 06:40:55 PM, DEBUG, Starting new HTTPS connection (1): finance.yahoo.com
03/25/2018 06:40:56 PM, DEBUG, https://finance.yahoo.com:443 "GET /quote/AABA/profile?p=AABA HTTP/1.1" 200 None
03/25/2018 06:40:56 PM, INFO, select * from AABA
03/25/2018 06:40:56 PM, INFO, Successful SQL command execution: select * from AABA
03/25/2018 06:41:21 PM, INFO, Program has started.
03/25/2018 06:41:21 PM, INFO, create table known_stocks(SYMBOL text,SHARES integer);
03/25/2018 06:41:21 PM, ERROR, Unsuccessful SQL command execution: create table known_stocks(SYMBOL text,SHARES integer);
03/25/2018 06:41:21 PM, INFO, select * from known_stocks
03/25/2018 06:41:21 PM, INFO, Successful SQL command execution: select * from known_stocks
03/25/2018 06:42:12 PM, INFO, Program has started.
03/25/2018 06:42:12 PM, INFO, create table known_stocks(SYMBOL text,SHARES integer);
03/25/2018 06:42:12 PM, ERROR, Unsuccessful SQL command execution: create table known_stocks(SYMBOL text,SHARES integer);
03/25/2018 06:42:12 PM, INFO, select * from known_stocks
03/25/2018 06:42:12 PM, INFO, Successful SQL command execution: select * from known_stocks
03/25/2018 06:42:20 PM, DEBUG, Starting new HTTPS connection (1): finance.yahoo.com
03/25/2018 06:42:21 PM, DEBUG, https://finance.yahoo.com:443 "GET /quote/TSLA/profile?p=TSLA HTTP/1.1" 200 None
03/25/2018 06:42:21 PM, INFO, select * from TSLA
03/25/2018 06:42:21 PM, INFO, Successful SQL command execution: select * from TSLA
03/25/2018 06:42:28 PM, DEBUG, Starting new HTTPS connection (1): finance.yahoo.com
03/25/2018 06:42:28 PM, DEBUG, https://finance.yahoo.com:443 "GET /quote/MSFT/profile?p=MSFT HTTP/1.1" 200 None
03/25/2018 06:42:28 PM, INFO, select * from MSFT
03/25/2018 06:42:28 PM, INFO, Successful SQL command execution: select * from MSFT
03/25/2018 06:52:56 PM, INFO, Program has started.
03/25/2018 06:52:56 PM, INFO, create table known_stocks(SYMBOL text,SHARES integer);
03/25/2018 06:52:56 PM, ERROR, Unsuccessful SQL command execution: create table known_stocks(SYMBOL text,SHARES integer);
03/25/2018 06:52:57 PM, INFO, select * from known_stocks
03/25/2018 06:52:57 PM, INFO, Successful SQL command execution: select * from known_stocks
03/25/2018 06:53:15 PM, DEBUG, Starting new HTTPS connection (1): finance.yahoo.com
03/25/2018 06:53:16 PM, DEBUG, https://finance.yahoo.com:443 "GET /quote/GOOG/profile?p=GOOG HTTP/1.1" 200 None
03/25/2018 06:53:16 PM, INFO, select * from GOOG
03/25/2018 06:53:16 PM, INFO, Successful SQL command execution: select * from GOOG
03/25/2018 06:53:36 PM, INFO, insert into known_stocks (SYMBOL,SHARES) values ('AMZN',2);
03/25/2018 06:53:36 PM, INFO, Successful SQL command execution: insert into known_stocks (SYMBOL,SHARES) values ('AMZN',2);
03/25/2018 06:53:36 PM, INFO, GoogleFinance object created: symbol = AMZN and start_date = 2018/03/23 
03/25/2018 06:53:36 PM, INFO, Going to http://finance.google.com/finance/historical?q=AMZN&startdate=2018/03/23&enddate=2018/03/25&output=csv
03/25/2018 06:53:36 PM, ERROR, Failed to get data from: http://finance.google.com/finance/historical?q=AMZN&startdate=2018/03/23&enddate=2018/03/25&output=csv
03/25/2018 06:53:36 PM, INFO, create table AMZN(DATE date,STOCK_PRICE money);
03/25/2018 06:53:36 PM, ERROR, Unsuccessful SQL command execution: create table AMZN(DATE date,STOCK_PRICE money);
03/25/2018 06:53:36 PM, ERROR, Table AMZN not created
03/25/2018 06:54:59 PM, INFO, Program has started.
03/25/2018 06:54:59 PM, INFO, create table known_stocks(SYMBOL text,SHARES integer);
03/25/2018 06:54:59 PM, ERROR, Unsuccessful SQL command execution: create table known_stocks(SYMBOL text,SHARES integer);
03/25/2018 06:54:59 PM, INFO, select * from known_stocks
03/25/2018 06:54:59 PM, INFO, Successful SQL command execution: select * from known_stocks
03/25/2018 06:55:47 PM, DEBUG, Starting new HTTPS connection (1): finance.yahoo.com
03/25/2018 06:55:47 PM, DEBUG, https://finance.yahoo.com:443 "GET /quote/GOOG/profile?p=GOOG HTTP/1.1" 200 None
03/25/2018 06:55:48 PM, INFO, select * from GOOG
03/25/2018 06:55:48 PM, INFO, Successful SQL command execution: select * from GOOG
03/25/2018 06:55:58 PM, DEBUG, Starting new HTTPS connection (1): finance.yahoo.com
03/25/2018 06:55:59 PM, DEBUG, https://finance.yahoo.com:443 "GET /quote/AABA/profile?p=AABA HTTP/1.1" 200 None
03/25/2018 06:55:59 PM, INFO, select * from AABA
03/25/2018 06:55:59 PM, INFO, Successful SQL command execution: select * from AABA
03/25/2018 06:56:07 PM, DEBUG, Starting new HTTPS connection (1): finance.yahoo.com
03/25/2018 06:56:08 PM, DEBUG, https://finance.yahoo.com:443 "GET /quote/GOOG/profile?p=GOOG HTTP/1.1" 200 None
03/25/2018 06:56:08 PM, INFO, select * from GOOG
03/25/2018 06:56:08 PM, INFO, Successful SQL command execution: select * from GOOG
03/25/2018 06:56:19 PM, DEBUG, Starting new HTTPS connection (1): finance.yahoo.com
03/25/2018 06:56:19 PM, DEBUG, https://finance.yahoo.com:443 "GET /quote/GOOG/profile?p=GOOG HTTP/1.1" 200 None
03/25/2018 06:56:19 PM, INFO, select * from GOOG
03/25/2018 06:56:19 PM, INFO, Successful SQL command execution: select * from GOOG
03/25/2018 06:56:22 PM, DEBUG, Starting new HTTPS connection (1): finance.yahoo.com
03/25/2018 06:56:22 PM, DEBUG, https://finance.yahoo.com:443 "GET /quote/GOOG/profile?p=GOOG HTTP/1.1" 200 None
03/25/2018 06:56:22 PM, INFO, select * from GOOG
03/25/2018 06:56:22 PM, INFO, Successful SQL command execution: select * from GOOG
03/25/2018 06:56:32 PM, DEBUG, Starting new HTTPS connection (1): finance.yahoo.com
03/25/2018 06:56:32 PM, DEBUG, https://finance.yahoo.com:443 "GET /quote/TSLA/profile?p=TSLA HTTP/1.1" 200 None
03/25/2018 06:56:32 PM, INFO, select * from TSLA
03/25/2018 06:56:32 PM, INFO, Successful SQL command execution: select * from TSLA
03/25/2018 06:56:41 PM, DEBUG, Starting new HTTPS connection (1): finance.yahoo.com
03/25/2018 06:56:41 PM, DEBUG, https://finance.yahoo.com:443 "GET /quote/MSFT/profile?p=MSFT HTTP/1.1" 200 None
03/25/2018 06:56:41 PM, INFO, select * from MSFT
03/25/2018 06:56:41 PM, INFO, Successful SQL command execution: select * from MSFT
03/27/2018 07:47:21 PM, INFO, Program has started.
03/27/2018 07:47:21 PM, INFO, create table known_stocks(SYMBOL text,SHARES integer);
03/27/2018 07:47:21 PM, ERROR, Unsuccessful SQL command execution: create table known_stocks(SYMBOL text,SHARES integer);
03/27/2018 07:47:22 PM, INFO, select * from known_stocks
03/27/2018 07:47:22 PM, INFO, Successful SQL command execution: select * from known_stocks
03/27/2018 07:47:28 PM, DEBUG, Starting new HTTPS connection (1): finance.yahoo.com
03/27/2018 07:47:29 PM, DEBUG, https://finance.yahoo.com:443 "GET /quote/GOOG/profile?p=GOOG HTTP/1.1" 200 None
03/27/2018 07:47:30 PM, INFO, select * from GOOG
03/27/2018 07:47:30 PM, INFO, Successful SQL command execution: select * from GOOG
03/27/2018 07:49:37 PM, INFO, Program has started.
03/27/2018 07:49:37 PM, INFO, create table known_stocks(SYMBOL text,SHARES integer);
03/27/2018 07:49:37 PM, ERROR, Unsuccessful SQL command execution: create table known_stocks(SYMBOL text,SHARES integer);
03/27/2018 07:49:38 PM, INFO, select * from known_stocks
03/27/2018 07:49:38 PM, INFO, Successful SQL command execution: select * from known_stocks
03/27/2018 07:49:50 PM, DEBUG, Starting new HTTPS connection (1): finance.yahoo.com
03/27/2018 07:49:51 PM, DEBUG, https://finance.yahoo.com:443 "GET /quote/GOOG/profile?p=GOOG HTTP/1.1" 200 None
03/27/2018 07:49:52 PM, INFO, select * from GOOG
03/27/2018 07:49:52 PM, INFO, Successful SQL command execution: select * from GOOG
03/27/2018 07:49:53 PM, DEBUG, Starting new HTTPS connection (1): finance.yahoo.com
03/27/2018 07:49:54 PM, DEBUG, https://finance.yahoo.com:443 "GET /quote/GOOG/profile?p=GOOG HTTP/1.1" 200 None
03/27/2018 07:49:55 PM, INFO, select * from GOOG
03/27/2018 07:49:55 PM, INFO, Successful SQL command execution: select * from GOOG
03/27/2018 07:52:29 PM, INFO, Program has started.
03/27/2018 07:52:29 PM, INFO, create table known_stocks(SYMBOL text,SHARES integer);
03/27/2018 07:52:29 PM, ERROR, Unsuccessful SQL command execution: create table known_stocks(SYMBOL text,SHARES integer);
03/27/2018 07:52:29 PM, INFO, select * from known_stocks
03/27/2018 07:52:29 PM, INFO, Successful SQL command execution: select * from known_stocks
03/27/2018 07:52:33 PM, DEBUG, Starting new HTTPS connection (1): finance.yahoo.com
03/27/2018 07:52:33 PM, DEBUG, https://finance.yahoo.com:443 "GET /quote/GOOG/profile?p=GOOG HTTP/1.1" 200 None
03/27/2018 07:52:33 PM, INFO, select * from GOOG
03/27/2018 07:52:33 PM, INFO, Successful SQL command execution: select * from GOOG
03/27/2018 07:59:51 PM, INFO, Program has started.
03/27/2018 07:59:51 PM, INFO, create table known_stocks(SYMBOL text,SHARES integer);
03/27/2018 07:59:51 PM, ERROR, Unsuccessful SQL command execution: create table known_stocks(SYMBOL text,SHARES integer);
03/27/2018 07:59:51 PM, INFO, select * from known_stocks
03/27/2018 07:59:51 PM, INFO, Successful SQL command execution: select * from known_stocks
03/27/2018 07:59:55 PM, DEBUG, Starting new HTTPS connection (1): finance.yahoo.com
03/27/2018 07:59:56 PM, DEBUG, https://finance.yahoo.com:443 "GET /quote/GOOG/profile?p=GOOG HTTP/1.1" 200 None
03/27/2018 07:59:56 PM, INFO, select * from GOOG
03/27/2018 07:59:56 PM, INFO, Successful SQL command execution: select * from GOOG
03/27/2018 08:00:25 PM, INFO, Program has started.
03/27/2018 08:00:25 PM, INFO, create table known_stocks(SYMBOL text,SHARES integer);
03/27/2018 08:00:25 PM, ERROR, Unsuccessful SQL command execution: create table known_stocks(SYMBOL text,SHARES integer);
03/27/2018 08:00:25 PM, INFO, select * from known_stocks
03/27/2018 08:00:25 PM, INFO, Successful SQL command execution: select * from known_stocks
03/27/2018 08:00:32 PM, DEBUG, Starting new HTTPS connection (1): finance.yahoo.com
03/27/2018 08:00:33 PM, DEBUG, https://finance.yahoo.com:443 "GET /quote/GOOG/profile?p=GOOG HTTP/1.1" 200 None
03/27/2018 08:00:33 PM, INFO, select * from GOOG
03/27/2018 08:00:33 PM, INFO, Successful SQL command execution: select * from GOOG
03/27/2018 08:00:33 PM, DEBUG, Starting new HTTPS connection (1): finance.yahoo.com
03/27/2018 08:00:33 PM, DEBUG, https://finance.yahoo.com:443 "GET /quote/GOOG/profile?p=GOOG HTTP/1.1" 200 None
03/27/2018 08:00:34 PM, INFO, select * from GOOG
03/27/2018 08:00:34 PM, INFO, Successful SQL command execution: select * from GOOG
